<?xml version="1.0" encoding="UTF-8"?>
<!-- Generated by org.testng.reporters.JUnitReportReporter -->
<testsuite skipped="0" hostname="DESKTOP-ME2HPKL" name="AdvisorTest.A_ValidateCommodityFutureCallsOnOnGoingCalls" tests="4" failures="0" timestamp="2021-01-12T10:47:11 IST" time="61.001" errors="0">
  <testcase name="v1" time="16.932" classname="AdvisorTest.A_ValidateCommodityFutureCallsOnOnGoingCalls"/>
  <system-out/>
  <testcase name="v2" time="18.284" classname="AdvisorTest.A_ValidateCommodityFutureCallsOnOnGoingCalls"/>
  <system-out/>
  <testcase name="v3" time="7.651" classname="AdvisorTest.A_ValidateCommodityFutureCallsOnOnGoingCalls"/>
  <system-out/>
  <testcase name="v4" time="18.134" classname="AdvisorTest.A_ValidateCommodityFutureCallsOnOnGoingCalls"/>
  <system-out/>
</testsuite> <!-- AdvisorTest.A_ValidateCommodityFutureCallsOnOnGoingCalls -->
