<?xml version="1.0" encoding="UTF-8"?>
<!-- Generated by org.testng.reporters.JUnitReportReporter -->
<testsuite skipped="0" hostname="DESKTOP-ME2HPKL" name="InvestorTest.ValidateLoginWithGoogle_ExistingUser" tests="2" failures="0" timestamp="2021-01-25T18:00:34 IST" time="13.305" errors="0">
  <testcase name="validateSignInGoogleAccountTitle" time="5.256" classname="InvestorTest.ValidateLoginWithGoogle_ExistingUser"/>
  <system-out/>
  <testcase name="successfullLoginWithGoogle" time="8.049" classname="InvestorTest.ValidateLoginWithGoogle_ExistingUser"/>
  <system-out/>
</testsuite> <!-- InvestorTest.ValidateLoginWithGoogle_ExistingUser -->
