<?xml version="1.0" encoding="UTF-8"?>
<!-- Generated by org.testng.reporters.JUnitReportReporter -->
<testsuite skipped="0" hostname="DESKTOP-ME2HPKL" name="InvestorTest.ValidateEnterOtpPage_ExistingUser" tests="3" failures="0" timestamp="2021-01-25T17:13:28 IST" time="25.753" errors="0">
  <testcase name="validateCheckBoxIsDisplayed" time="14.790" classname="InvestorTest.ValidateEnterOtpPage_ExistingUser"/>
  <system-out/>
  <testcase name="validateReferralCodeFieldIsDisplayed" time="10.033" classname="InvestorTest.ValidateEnterOtpPage_ExistingUser"/>
  <system-out/>
  <testcase name="validateHomePageWithStartTradingTitle" time="0.930" classname="InvestorTest.ValidateEnterOtpPage_ExistingUser"/>
  <system-out/>
</testsuite> <!-- InvestorTest.ValidateEnterOtpPage_ExistingUser -->
