<?xml version="1.0" encoding="UTF-8"?>
<!-- Generated by org.testng.reporters.JUnitReportReporter -->
<testsuite skipped="0" hostname="DESKTOP-ME2HPKL" name="InvestorTest.ValidateEnterOtpPage" tests="6" failures="0" timestamp="2021-01-25T17:45:21 IST" time="66.852" errors="0">
  <testcase name="validateResendOtpButtonAfterOneMin" time="63.629" classname="InvestorTest.ValidateEnterOtpPage"/>
  <system-out/>
  <testcase name="validateCheckBox" time="0.213" classname="InvestorTest.ValidateEnterOtpPage"/>
  <system-out/>
  <testcase name="validateReferralFieldIsEmpty" time="0.034" classname="InvestorTest.ValidateEnterOtpPage"/>
  <system-out/>
  <testcase name="validateChangeNumber" time="0.934" classname="InvestorTest.ValidateEnterOtpPage"/>
  <system-out/>
  <testcase name="validateNextButtonIsNotEnabledOndeletingOneOTPNumber" time="0.751" classname="InvestorTest.ValidateEnterOtpPage"/>
  <system-out/>
  <testcase name="validateAreYouNewToTheStockTitle" time="1.291" classname="InvestorTest.ValidateEnterOtpPage"/>
  <system-out/>
</testsuite> <!-- InvestorTest.ValidateEnterOtpPage -->
