<?xml version="1.0" encoding="UTF-8"?>
<!-- Generated by org.testng.reporters.JUnitReportReporter -->
<testsuite skipped="0" hostname="DESKTOP-ME2HPKL" name="InvestorTest.ValidateRiskProfileQuestionAndAnswer" tests="1" failures="0" timestamp="2021-01-25T14:43:46 IST" time="17.463" errors="0">
  <testcase name="successfullCreationOfRiskProfile" time="17.463" classname="InvestorTest.ValidateRiskProfileQuestionAndAnswer"/>
  <system-out/>
</testsuite> <!-- InvestorTest.ValidateRiskProfileQuestionAndAnswer -->
