<?xml version="1.0" encoding="UTF-8"?>
<!-- Generated by org.testng.reporters.JUnitReportReporter -->
<testsuite skipped="0" hostname="DESKTOP-ME2HPKL" name="InvestorTest.ValidatingOnboardPage1" tests="6" failures="0" timestamp="2021-01-02T12:15:35 IST" time="9.364" errors="0">
  <testcase name="checkInvestorMobileNumber" time="7.236" classname="InvestorTest.ValidatingOnboardPage1"/>
  <system-out/>
  <testcase name="notificationTitleValidation" time="0.980" classname="InvestorTest.ValidatingOnboardPage1"/>
  <system-out/>
  <testcase name="validateOptionsgivenForAreYouNewToStock" time="0.134" classname="InvestorTest.ValidatingOnboardPage1"/>
  <system-out/>
  <testcase name="validateHowItWorksAndTrainingLinksAndFounderNotesTitleForYes" time="0.421" classname="InvestorTest.ValidatingOnboardPage1"/>
  <system-out/>
  <testcase name="validateYesImNewToStockIsSelectedOrNot" time="0.205" classname="InvestorTest.ValidatingOnboardPage1"/>
  <system-out/>
  <testcase name="validateHowItWorksAndTrainingLinksAndFounderNotesTitleForNo" time="0.388" classname="InvestorTest.ValidatingOnboardPage1"/>
  <system-out/>
</testsuite> <!-- InvestorTest.ValidatingOnboardPage1 -->
