<?xml version="1.0" encoding="UTF-8"?>
<!-- Generated by org.testng.reporters.JUnitReportReporter -->
<testsuite skipped="0" hostname="DESKTOP-ME2HPKL" name="InvestorTest.ValidateLoginSignUpPage1" tests="2" failures="0" timestamp="2021-01-25T14:51:44 IST" time="3.348" errors="0">
  <testcase name="v1" time="3.218" classname="InvestorTest.ValidateLoginSignUpPage1"/>
  <system-out/>
  <testcase name="v2" time="0.130" classname="InvestorTest.ValidateLoginSignUpPage1"/>
  <system-out/>
</testsuite> <!-- InvestorTest.ValidateLoginSignUpPage1 -->
