<?xml version="1.0" encoding="UTF-8"?>
<!-- Generated by org.testng.reporters.JUnitReportReporter -->
<testsuite skipped="0" hostname="DESKTOP-ME2HPKL" name="InvestorTest.ValidatePickrightHome" tests="5" failures="0" timestamp="2021-01-16T13:05:31 IST" time="3.580" errors="0">
  <testcase name="testUrl" time="0.078" classname="InvestorTest.ValidatePickrightHome"/>
  <system-out/>
  <testcase name="valiadteLandingPageTitle" time="2.345" classname="InvestorTest.ValidatePickrightHome"/>
  <system-out/>
  <testcase name="validateMainLinks" time="0.295" classname="InvestorTest.ValidatePickrightHome"/>
  <system-out/>
  <testcase name="validateLoginSignUpTitle" time="0.747" classname="InvestorTest.ValidatePickrightHome"/>
  <system-out/>
  <testcase name="validateAsAInvestorTitle" time="0.115" classname="InvestorTest.ValidatePickrightHome"/>
  <system-out/>
</testsuite> <!-- InvestorTest.ValidatePickrightHome -->
