<?xml version="1.0" encoding="UTF-8"?>
<!-- Generated by org.testng.reporters.JUnitReportReporter -->
<testsuite skipped="0" hostname="DESKTOP-ME2HPKL" name="InvestorTest.ValidateWhatAreYouLookingForPage" tests="4" failures="0" timestamp="2021-01-02T12:18:21 IST" time="20.333" errors="0">
  <testcase name="validateLongTermANdShortTermTradingTitle" time="18.802" classname="InvestorTest.ValidateWhatAreYouLookingForPage"/>
  <system-out/>
  <testcase name="validateBackArrowNavigatesToThePageContainsHowItWorksTrainingLinks" time="0.543" classname="InvestorTest.ValidateWhatAreYouLookingForPage"/>
  <system-out/>
  <testcase name="validateExploreShortTermTradingTitle" time="0.383" classname="InvestorTest.ValidateWhatAreYouLookingForPage"/>
  <system-out/>
  <testcase name="validatePickRightFeatureTitle" time="0.605" classname="InvestorTest.ValidateWhatAreYouLookingForPage"/>
  <system-out/>
</testsuite> <!-- InvestorTest.ValidateWhatAreYouLookingForPage -->
