<?xml version="1.0" encoding="UTF-8"?>
<!-- Generated by org.testng.reporters.JUnitReportReporter -->
<testsuite skipped="0" hostname="DESKTOP-ME2HPKL" name="InvestorTest.ValidateEquityOptionsCategory" tests="1" failures="0" timestamp="2021-01-03T18:37:18 IST" time="22.316" errors="0">
  <testcase name="validateEquityOptions" time="22.316" classname="InvestorTest.ValidateEquityOptionsCategory"/>
  <system-out/>
</testsuite> <!-- InvestorTest.ValidateEquityOptionsCategory -->
