<?xml version="1.0" encoding="UTF-8"?>
<!-- Generated by org.testng.reporters.JUnitReportReporter -->
<testsuite skipped="0" hostname="DESKTOP-ME2HPKL" name="InvestorTest.ValidateEquityFuturesCategory" tests="1" failures="0" timestamp="2021-01-03T18:37:18 IST" time="23.188" errors="0">
  <testcase name="validateEquityFutures" time="23.188" classname="InvestorTest.ValidateEquityFuturesCategory"/>
  <system-out/>
</testsuite> <!-- InvestorTest.ValidateEquityFuturesCategory -->
