<?xml version="1.0" encoding="UTF-8"?>
<!-- Generated by org.testng.reporters.JUnitReportReporter -->
<testsuite skipped="0" hostname="DESKTOP-ME2HPKL" name="InvestorTest.ValidateChangeNumberFeature" tests="1" failures="0" timestamp="2021-01-25T16:22:07 IST" time="4.723" errors="0">
  <testcase name="validateChangeNumber" time="4.723" classname="InvestorTest.ValidateChangeNumberFeature"/>
  <system-out/>
</testsuite> <!-- InvestorTest.ValidateChangeNumberFeature -->
