<?xml version="1.0" encoding="UTF-8"?>
<!-- Generated by org.testng.reporters.JUnitReportReporter -->
<testsuite skipped="0" hostname="DESKTOP-ME2HPKL" name="InvestorTest.ValidateHowWouldYouCategoriseYourselfPage" tests="3" failures="0" timestamp="2021-01-02T12:35:36 IST" time="21.991" errors="0">
  <testcase name="validateHowWouldYouCategoriseYourselfOptionsTitle" time="20.185" classname="InvestorTest.ValidateHowWouldYouCategoriseYourselfPage"/>
  <system-out/>
  <testcase name="validateSelectFromBelowDematAccountsTitle" time="1.573" classname="InvestorTest.ValidateHowWouldYouCategoriseYourselfPage"/>
  <system-out/>
  <testcase name="validateBackArrowNavigateToThePageContainsPickRightFeatureTitle" time="0.233" classname="InvestorTest.ValidateHowWouldYouCategoriseYourselfPage"/>
  <system-out/>
</testsuite> <!-- InvestorTest.ValidateHowWouldYouCategoriseYourselfPage -->
