<?xml version="1.0" encoding="UTF-8"?>
<!-- Generated by org.testng.reporters.JUnitReportReporter -->
<testsuite skipped="0" hostname="DESKTOP-ME2HPKL" name="InvestorTest.ValidateInvestorDashBoardFilter" tests="4" failures="0" timestamp="2021-01-14T23:35:24 IST" time="51.982" errors="0">
  <testcase name="validateCallsInBuyRangeFilter" time="24.514" classname="InvestorTest.ValidateInvestorDashBoardFilter"/>
  <system-out/>
  <testcase name="validateSTBBTSTcallsFilter" time="20.303" classname="InvestorTest.ValidateInvestorDashBoardFilter"/>
  <system-out/>
  <testcase name="validateIntraDayCallsFilter" time="3.483" classname="InvestorTest.ValidateInvestorDashBoardFilter"/>
  <system-out/>
  <testcase name="validateMyAdvisorFilter" time="3.682" classname="InvestorTest.ValidateInvestorDashBoardFilter"/>
  <system-out/>
</testsuite> <!-- InvestorTest.ValidateInvestorDashBoardFilter -->
