<?xml version="1.0" encoding="UTF-8"?>
<!-- Generated by org.testng.reporters.JUnitReportReporter -->
<testsuite skipped="0" hostname="DESKTOP-ME2HPKL" name="InvestorTest.ValidateSelectFromBelowDematAccountsPage" tests="2" failures="0" timestamp="2021-01-02T12:39:48 IST" time="21.612" errors="0">
  <testcase name="validateSelectFromBelowDematAccountsOptions" time="21.380" classname="InvestorTest.ValidateSelectFromBelowDematAccountsPage"/>
  <system-out/>
  <testcase name="validateHomePageWithStartTradingTitle" time="0.232" classname="InvestorTest.ValidateSelectFromBelowDematAccountsPage"/>
  <system-out/>
</testsuite> <!-- InvestorTest.ValidateSelectFromBelowDematAccountsPage -->
