<?xml version="1.0" encoding="UTF-8"?>
<!-- Generated by org.testng.reporters.JUnitReportReporter -->
<testsuite skipped="0" hostname="DESKTOP-ME2HPKL" name="AdvisorTest.A_ValidateEquityCashCallsOnOnGoingCalls" tests="4" failures="0" timestamp="2021-01-28T11:10:53 IST" time="64.521" errors="0">
  <testcase name="v1" time="21.066" classname="AdvisorTest.A_ValidateEquityCashCallsOnOnGoingCalls"/>
  <system-out/>
  <testcase name="v2" time="16.852" classname="AdvisorTest.A_ValidateEquityCashCallsOnOnGoingCalls"/>
  <system-out/>
  <testcase name="v3" time="9.841" classname="AdvisorTest.A_ValidateEquityCashCallsOnOnGoingCalls"/>
  <system-out/>
  <testcase name="v4" time="16.762" classname="AdvisorTest.A_ValidateEquityCashCallsOnOnGoingCalls"/>
  <system-out/>
</testsuite> <!-- AdvisorTest.A_ValidateEquityCashCallsOnOnGoingCalls -->
