<?xml version="1.0" encoding="UTF-8"?>
<!-- Generated by org.testng.reporters.JUnitReportReporter -->
<testsuite skipped="0" hostname="DESKTOP-ME2HPKL" name="InvestorTest.ZerodaLogin" tests="1" failures="0" timestamp="2021-01-13T12:16:12 IST" time="18.401" errors="0">
  <testcase name="login" time="18.401" classname="InvestorTest.ZerodaLogin"/>
  <system-out/>
</testsuite> <!-- InvestorTest.ZerodaLogin -->
