<?xml version="1.0" encoding="UTF-8"?>
<!-- Generated by org.testng.reporters.JUnitReportReporter -->
<testsuite skipped="0" hostname="DESKTOP-ME2HPKL" name="AdvisorTest.A_ValidateAdvisorDashBoardClosedcallPage" tests="1" failures="0" timestamp="2021-01-11T17:00:11 IST" time="60.866" errors="0">
  <testcase name="validateClosedCallTitle" time="60.866" classname="AdvisorTest.A_ValidateAdvisorDashBoardClosedcallPage"/>
  <system-out/>
</testsuite> <!-- AdvisorTest.A_ValidateAdvisorDashBoardClosedcallPage -->
