<?xml version="1.0" encoding="UTF-8"?>
<!-- Generated by org.testng.reporters.JUnitReportReporter -->
<testsuite skipped="0" hostname="DESKTOP-ME2HPKL" name="InvestorTest.ValidatingOnboardPage2" tests="4" failures="0" timestamp="2021-01-02T12:16:54 IST" time="10.181" errors="0">
  <testcase name="validateHowItWorksTitleAndVideo" time="9.010" classname="InvestorTest.ValidatingOnboardPage2"/>
  <system-out/>
  <testcase name="validateTestLinks" time="0.479" classname="InvestorTest.ValidatingOnboardPage2"/>
  <system-out/>
  <testcase name="validateBackArrowNavigateToThePageContainsAreUNewToStock" time="0.319" classname="InvestorTest.ValidatingOnboardPage2"/>
  <system-out/>
  <testcase name="validateWhatAreYoulookingForTitle" time="0.373" classname="InvestorTest.ValidatingOnboardPage2"/>
  <system-out/>
</testsuite> <!-- InvestorTest.ValidatingOnboardPage2 -->
