<?xml version="1.0" encoding="UTF-8"?>
<!-- Generated by org.testng.reporters.JUnitReportReporter -->
<testsuite skipped="0" hostname="DESKTOP-ME2HPKL" name="InvestorTest.ValidatediscussionBoardPage" tests="12" failures="0" timestamp="2021-01-28T12:09:10 IST" time="92.302" errors="0">
  <testcase name="validateSuccessfullCreationOfDiscussion" time="11.551" classname="InvestorTest.ValidatediscussionBoardPage"/>
  <system-out/>
  <testcase name="validateSuccessfullDocUpload" time="9.156" classname="InvestorTest.ValidatediscussionBoardPage"/>
  <system-out/>
  <testcase name="validateSuccessfullImageUpload" time="7.234" classname="InvestorTest.ValidatediscussionBoardPage"/>
  <system-out/>
  <testcase name="validateVideoUploadedWithDescription" time="13.403" classname="InvestorTest.ValidatediscussionBoardPage"/>
  <system-out/>
  <testcase name="validateCreatedTopicNameAndPostAndPostCountInRecentDiscussedPage" time="1.464" classname="InvestorTest.ValidatediscussionBoardPage"/>
  <system-out/>
  <testcase name="validatePostAndPostCountInRecentTopicPage" time="1.457" classname="InvestorTest.ValidatediscussionBoardPage"/>
  <system-out/>
  <testcase name="validateVideoinVideosPage" time="13.803" classname="InvestorTest.ValidatediscussionBoardPage"/>
  <system-out/>
  <testcase name="validateTopicTitleAlreadyExistsErrorMsg" time="30.590" classname="InvestorTest.ValidatediscussionBoardPage"/>
  <system-out/>
  <testcase name="validateTitleIsRequiredErrorMsgInTopicCreation" time="0.780" classname="InvestorTest.ValidatediscussionBoardPage"/>
  <system-out/>
  <testcase name="validateTitleIsRequiredErrorMsgInVideoUpload" time="1.741" classname="InvestorTest.ValidatediscussionBoardPage"/>
  <system-out/>
  <testcase name="validateUploadVideoErrorMsg" time="0.578" classname="InvestorTest.ValidatediscussionBoardPage"/>
  <system-out/>
  <testcase name="validateTopicPageAfterCancelVideo" time="0.545" classname="InvestorTest.ValidatediscussionBoardPage"/>
  <system-out/>
</testsuite> <!-- InvestorTest.ValidatediscussionBoardPage -->
