<?xml version="1.0" encoding="UTF-8"?>
<!-- Generated by org.testng.reporters.JUnitReportReporter -->
<testsuite skipped="0" hostname="DESKTOP-ME2HPKL" name="AdvisorTest.A_ValidateEquityOptionCallsOnOnGoingCalls" tests="1" failures="0" timestamp="2021-01-06T12:40:03 IST" time="7.730" errors="0">
  <testcase name="v1" time="7.730" classname="AdvisorTest.A_ValidateEquityOptionCallsOnOnGoingCalls"/>
  <system-out/>
</testsuite> <!-- AdvisorTest.A_ValidateEquityOptionCallsOnOnGoingCalls -->
