<?xml version="1.0" encoding="UTF-8"?>
<!-- Generated by org.testng.reporters.JUnitReportReporter -->
<testsuite skipped="0" hostname="DESKTOP-ME2HPKL" name="InvestorTest.ValidateAlertPage" tests="9" failures="0" timestamp="2020-12-30T13:19:59 IST" time="18.915" errors="0">
  <testcase name="validateSelectCategoryOptions" time="8.199" classname="InvestorTest.ValidateAlertPage"/>
  <system-out/>
  <testcase name="validatePopularScripsOptions" time="0.146" classname="InvestorTest.ValidateAlertPage"/>
  <system-out/>
  <testcase name="validatePleaseSelectAtleastOneCategoryErrorMsg" time="0.763" classname="InvestorTest.ValidateAlertPage"/>
  <system-out/>
  <testcase name="validatePleaseSelectAScriptErrorMsg" time="0.358" classname="InvestorTest.ValidateAlertPage"/>
  <system-out/>
  <testcase name="validateSuccessfullCreationOfPopularScripAlertWithMsg" time="2.419" classname="InvestorTest.ValidateAlertPage"/>
  <system-out/>
  <testcase name="validateSuccessfullCreationOfScripAlertWithMsg" time="3.480" classname="InvestorTest.ValidateAlertPage"/>
  <system-out/>
  <testcase name="validateScriptAlreadyExistsErrorMsg" time="3.165" classname="InvestorTest.ValidateAlertPage"/>
  <system-out/>
  <testcase name="validateCancelButton" time="0.138" classname="InvestorTest.ValidateAlertPage"/>
  <system-out/>
  <testcase name="V" time="0.247" classname="InvestorTest.ValidateAlertPage"/>
  <system-out/>
</testsuite> <!-- InvestorTest.ValidateAlertPage -->
