<?xml version="1.0" encoding="UTF-8"?>
<!-- Generated by org.testng.reporters.JUnitReportReporter -->
<testsuite skipped="0" hostname="DESKTOP-ME2HPKL" name="InvestorTest.ValidateCategorySelectionPage" tests="1" failures="0" timestamp="2021-01-02T13:10:20 IST" time="45.076" errors="0">
  <testcase name="validateCategories" time="45.076" classname="InvestorTest.ValidateCategorySelectionPage"/>
  <system-out/>
</testsuite> <!-- InvestorTest.ValidateCategorySelectionPage -->
