<?xml version="1.0" encoding="UTF-8"?>
<!-- Generated by org.testng.reporters.JUnitReportReporter -->
<testsuite skipped="0" hostname="DESKTOP-ME2HPKL" name="InvestorTest.ValidateLoginThroughAliceBlue" tests="1" failures="0" timestamp="2021-01-02T12:55:57 IST" time="32.405" errors="0">
  <testcase name="validateLoginThroughAliceBlue" time="32.405" classname="InvestorTest.ValidateLoginThroughAliceBlue"/>
  <system-out/>
</testsuite> <!-- InvestorTest.ValidateLoginThroughAliceBlue -->
