<?xml version="1.0" encoding="UTF-8"?>
<!-- Generated by org.testng.reporters.JUnitReportReporter -->
<testsuite skipped="0" hostname="DESKTOP-ME2HPKL" name="InvestorTest.ValidateLoginThroughMasterTrust" tests="1" failures="0" timestamp="2021-01-02T13:01:11 IST" time="18.713" errors="0">
  <testcase name="validateLoginThroughMasterTrust" time="18.713" classname="InvestorTest.ValidateLoginThroughMasterTrust"/>
  <system-out/>
</testsuite> <!-- InvestorTest.ValidateLoginThroughMasterTrust -->
