<?xml version="1.0" encoding="UTF-8"?>
<!-- Generated by org.testng.reporters.JUnitReportReporter -->
<testsuite skipped="0" hostname="DESKTOP-ME2HPKL" name="InvestorTest.ValidatecurrencyOptionCategory" tests="1" failures="0" timestamp="2021-01-28T12:05:13 IST" time="8.294" errors="0">
  <testcase name="validateCurrencyOption" time="8.294" classname="InvestorTest.ValidatecurrencyOptionCategory"/>
  <system-out/>
</testsuite> <!-- InvestorTest.ValidatecurrencyOptionCategory -->
