<?xml version="1.0" encoding="UTF-8"?>
<!-- Generated by org.testng.reporters.JUnitReportReporter -->
<testsuite skipped="0" hostname="DESKTOP-ME2HPKL" name="InvestorTest.ValidateHomePage" tests="6" failures="0" timestamp="2021-01-28T12:05:13 IST" time="52.392" errors="0">
  <testcase name="validateSelectedScriptName" time="8.232" classname="InvestorTest.ValidateHomePage"/>
  <system-out/>
  <testcase name="validateTopicPageOnClickingTheScrip" time="0.895" classname="InvestorTest.ValidateHomePage"/>
  <system-out/>
  <testcase name="validateDepthAndDeleteObjectOnMousehover" time="0.624" classname="InvestorTest.ValidateHomePage"/>
  <system-out/>
  <testcase name="validateMarketDepthTitle" time="10.360" classname="InvestorTest.ValidateHomePage"/>
  <system-out/>
  <testcase name="validateDeleteScript" time="0.165" classname="InvestorTest.ValidateHomePage"/>
  <system-out/>
  <testcase name="validateNumberOfScriptCanAdd" time="32.116" classname="InvestorTest.ValidateHomePage"/>
  <system-out/>
</testsuite> <!-- InvestorTest.ValidateHomePage -->
