<?xml version="1.0" encoding="UTF-8"?>
<!-- Generated by org.testng.reporters.JUnitReportReporter -->
<testsuite skipped="0" hostname="DESKTOP-ME2HPKL" name="InvestorTest.ValidateInvestorDashBoard" tests="6" failures="0" timestamp="2021-01-28T12:05:13 IST" time="142.251" errors="0">
  <testcase name="validateNewCallPage" time="12.079" classname="InvestorTest.ValidateInvestorDashBoard"/>
  <system-out/>
  <testcase name="validateMyCallPage" time="3.490" classname="InvestorTest.ValidateInvestorDashBoard"/>
  <system-out/>
  <testcase name="validateClosedCallHeaderAndTitle" time="0.177" classname="InvestorTest.ValidateInvestorDashBoard"/>
  <system-out/>
  <testcase name="validateWatchListHeaderAndTitle" time="3.600" classname="InvestorTest.ValidateInvestorDashBoard"/>
  <system-out/>
  <testcase name="validateTotalClosedCallCount" time="88.021" classname="InvestorTest.ValidateInvestorDashBoard"/>
  <system-out/>
  <testcase name="validateClosedCallsStatusTitle" time="34.884" classname="InvestorTest.ValidateInvestorDashBoard"/>
  <system-out/>
</testsuite> <!-- InvestorTest.ValidateInvestorDashBoard -->
