<?xml version="1.0" encoding="UTF-8"?>
<!-- Generated by org.testng.reporters.JUnitReportReporter -->
<testsuite skipped="0" hostname="DESKTOP-ME2HPKL" name="InvestorTest.ValidateLoginWithGoogle_ExistingUser" tests="2" failures="0" timestamp="2021-01-04T11:53:05 IST" time="14.271" errors="0">
  <testcase name="validateSignInGoogleAccountTitle" time="5.140" classname="InvestorTest.ValidateLoginWithGoogle_ExistingUser"/>
  <system-out/>
  <testcase name="successfullLoginWithGoogle" time="9.131" classname="InvestorTest.ValidateLoginWithGoogle_ExistingUser"/>
  <system-out/>
</testsuite> <!-- InvestorTest.ValidateLoginWithGoogle_ExistingUser -->
