<?xml version="1.0" encoding="UTF-8"?>
<!-- Generated by org.testng.reporters.JUnitReportReporter -->
<testsuite skipped="0" hostname="DESKTOP-ME2HPKL" name="InvestorTest.ValidateEquityOptionsCategory" tests="1" failures="0" timestamp="2021-01-28T12:05:13 IST" time="8.128" errors="0">
  <testcase name="validateEquityOptions" time="8.128" classname="InvestorTest.ValidateEquityOptionsCategory"/>
  <system-out/>
</testsuite> <!-- InvestorTest.ValidateEquityOptionsCategory -->
