<?xml version="1.0" encoding="UTF-8"?>
<!-- Generated by org.testng.reporters.JUnitReportReporter -->
<testsuite skipped="0" hostname="DESKTOP-ME2HPKL" name="InvestorTest.ValidateCurrencyFutureCategory" tests="1" failures="0" timestamp="2021-01-28T12:05:13 IST" time="8.335" errors="0">
  <testcase name="validateCurrencyFuture" time="8.335" classname="InvestorTest.ValidateCurrencyFutureCategory"/>
  <system-out/>
</testsuite> <!-- InvestorTest.ValidateCurrencyFutureCategory -->
