<?xml version="1.0" encoding="UTF-8"?>
<!-- Generated by org.testng.reporters.JUnitReportReporter -->
<testsuite skipped="0" hostname="DESKTOP-ME2HPKL" name="InvestorTest.ValidateCommodityFutureCategory" tests="1" failures="0" timestamp="2021-01-28T12:05:13 IST" time="9.410" errors="0">
  <testcase name="validateCommodityFuture" time="9.410" classname="InvestorTest.ValidateCommodityFutureCategory"/>
  <system-out/>
</testsuite> <!-- InvestorTest.ValidateCommodityFutureCategory -->
